# JRE version: Java(TM) SE Runtime Environment (8.0_121-b13) (build 1.8.0_121-b13)
# Java VM: Java HotSpot(TM) 64-Bit Server VM (25.121-b13 mixed mode linux-amd64 compressed oops)
Heap:
 PSYoungGen      total 180224K, used 136755K [0x00000000f1200000, 0x00000000ffe80000, 0x0000000100000000)
  eden space 119296K, 81% used [0x00000000f1200000,0x00000000f7130e50,0x00000000f8680000)
  from space 60928K, 64% used [0x00000000fc300000,0x00000000fe95c160,0x00000000ffe80000)
  to   space 61440K, 0% used [0x00000000f8680000,0x00000000f8680000,0x00000000fc280000)
 ParOldGen       total 462336K, used 337490K [0x00000000d3600000, 0x00000000ef980000, 0x00000000f1200000)
  object space 462336K, 72% used [0x00000000d3600000,0x00000000e7f94b70,0x00000000ef980000)
 Metaspace       used 40499K, capacity 41182K, committed 41344K, reserved 1085440K
  class space    used 5033K, capacity 5224K, committed 5248K, reserved 1048576K
GC Heap History (10 events):
Event: 333,086 GC heap before
{Heap before GC invocations=463 (full 29):
 PSYoungGen      total 179712K, used 157047K [0x00000000f1200000, 0x0000000100000000, 0x0000000100000000)
  eden space 117248K, 100% used [0x00000000f1200000,0x00000000f8480000,0x00000000f8480000)
  from space 62464K, 63% used [0x00000000f8480000,0x00000000fab5de60,0x00000000fc180000)
  to   space 61952K, 0% used [0x00000000fc380000,0x00000000fc380000,0x0000000100000000)
 ParOldGen       total 462336K, used 259948K [0x00000000d3600000, 0x00000000ef980000, 0x00000000f1200000)
  object space 462336K, 56% used [0x00000000d3600000,0x00000000e33db2d0,0x00000000ef980000)
 Metaspace       used 40407K, capacity 41108K, committed 41344K, reserved 1085440K
  class space    used 5028K, capacity 5221K, committed 5248K, reserved 1048576K
Event: 333,136 GC heap after
Heap after GC invocations=463 (full 29):
 PSYoungGen      total 178688K, used 46462K [0x00000000f1200000, 0x00000000ffd80000, 0x0000000100000000)
  eden space 119296K, 0% used [0x00000000f1200000,0x00000000f1200000,0x00000000f8680000)
  from space 59392K, 78% used [0x00000000fc380000,0x00000000ff0dfab0,0x00000000ffd80000)
  to   space 60928K, 0% used [0x00000000f8680000,0x00000000f8680000,0x00000000fc200000)
 ParOldGen       total 462336K, used 259948K [0x00000000d3600000, 0x00000000ef980000, 0x00000000f1200000)
  object space 462336K, 56% used [0x00000000d3600000,0x00000000e33db2d0,0x00000000ef980000)
 Metaspace       used 40407K, capacity 41108K, committed 41344K, reserved 1085440K
  class space    used 5028K, capacity 5221K, committed 5248K, reserved 1048576K
}
Event: 333,492 GC heap before
{Heap before GC invocations=464 (full 29):
 PSYoungGen      total 178688K, used 165758K [0x00000000f1200000, 0x00000000ffd80000, 0x0000000100000000)
  eden space 119296K, 100% used [0x00000000f1200000,0x00000000f8680000,0x00000000f8680000)
  from space 59392K, 78% used [0x00000000fc380000,0x00000000ff0dfab0,0x00000000ffd80000)
  to   space 60928K, 0% used [0x00000000f8680000,0x00000000f8680000,0x00000000fc200000)
 ParOldGen       total 462336K, used 259948K [0x00000000d3600000, 0x00000000ef980000, 0x00000000f1200000)
  object space 462336K, 56% used [0x00000000d3600000,0x00000000e33db2d0,0x00000000ef980000)
 Metaspace       used 40407K, capacity 41108K, committed 41344K, reserved 1085440K
  class space    used 5028K, capacity 5221K, committed 5248K, reserved 1048576K
Event: 333,556 GC heap after
Heap after GC invocations=464 (full 29):
 PSYoungGen      total 180224K, used 52343K [0x00000000f1200000, 0x0000000100000000, 0x0000000100000000)
  eden space 119296K, 0% used [0x00000000f1200000,0x00000000f1200000,0x00000000f8680000)
  from space 60928K, 85% used [0x00000000f8680000,0x00000000fb99de60,0x00000000fc200000)
  to   space 61952K, 0% used [0x00000000fc380000,0x00000000fc380000,0x0000000100000000)
 ParOldGen       total 462336K, used 266691K [0x00000000d3600000, 0x00000000ef980000, 0x00000000f1200000)
  object space 462336K, 57% used [0x00000000d3600000,0x00000000e3a70f20,0x00000000ef980000)
 Metaspace       used 40407K, capacity 41108K, committed 41344K, reserved 1085440K
  class space    used 5028K, capacity 5221K, committed 5248K, reserved 1048576K
}
Event: 333,911 GC heap before
{Heap before GC invocations=465 (full 29):
 PSYoungGen      total 180224K, used 171639K [0x00000000f1200000, 0x0000000100000000, 0x0000000100000000)
  eden space 119296K, 100% used [0x00000000f1200000,0x00000000f8680000,0x00000000f8680000)
  from space 60928K, 85% used [0x00000000f8680000,0x00000000fb99de60,0x00000000fc200000)
  to   space 61952K, 0% used [0x00000000fc380000,0x00000000fc380000,0x0000000100000000)
 ParOldGen       total 462336K, used 266691K [0x00000000d3600000, 0x00000000ef980000, 0x00000000f1200000)
  object space 462336K, 57% used [0x00000000d3600000,0x00000000e3a70f20,0x00000000ef980000)
 Metaspace       used 40407K, capacity 41108K, committed 41344K, reserved 1085440K
  class space    used 5028K, capacity 5221K, committed 5248K, reserved 1048576K
Event: 334,023 GC heap after
Heap after GC invocations=465 (full 29):
 PSYoungGen      total 180736K, used 51671K [0x00000000f1200000, 0x0000000100000000, 0x0000000100000000)
  eden space 118784K, 0% used [0x00000000f1200000,0x00000000f1200000,0x00000000f8600000)
  from space 61952K, 83% used [0x00000000fc380000,0x00000000ff5f5e60,0x0000000100000000)
  to   space 62464K, 0% used [0x00000000f8600000,0x00000000f8600000,0x00000000fc300000)
 ParOldGen       total 462336K, used 318090K [0x00000000d3600000, 0x00000000ef980000, 0x00000000f1200000)
  object space 462336K, 68% used [0x00000000d3600000,0x00000000e6ca2b70,0x00000000ef980000)
 Metaspace       used 40407K, capacity 41108K, committed 41344K, reserved 1085440K
  class space    used 5028K, capacity 5221K, committed 5248K, reserved 1048576K
}
Event: 334,380 GC heap before
{Heap before GC invocations=466 (full 29):
 PSYoungGen      total 180736K, used 170455K [0x00000000f1200000, 0x0000000100000000, 0x0000000100000000)
  eden space 118784K, 100% used [0x00000000f1200000,0x00000000f8600000,0x00000000f8600000)
  from space 61952K, 83% used [0x00000000fc380000,0x00000000ff5f5e60,0x0000000100000000)
  to   space 62464K, 0% used [0x00000000f8600000,0x00000000f8600000,0x00000000fc300000)
 ParOldGen       total 462336K, used 318090K [0x00000000d3600000, 0x00000000ef980000, 0x00000000f1200000)
  object space 462336K, 68% used [0x00000000d3600000,0x00000000e6ca2b70,0x00000000ef980000)
 Metaspace       used 40407K, capacity 41108K, committed 41344K, reserved 1085440K
  class space    used 5028K, capacity 5221K, committed 5248K, reserved 1048576K
Event: 334,443 GC heap after
Heap after GC invocations=466 (full 29):
 PSYoungGen      total 181248K, used 39767K [0x00000000f1200000, 0x00000000fff80000, 0x0000000100000000)
  eden space 118784K, 0% used [0x00000000f1200000,0x00000000f1200000,0x00000000f8600000)
  from space 62464K, 63% used [0x00000000f8600000,0x00000000facd5e60,0x00000000fc300000)
  to   space 61952K, 0% used [0x00000000fc300000,0x00000000fc300000,0x00000000fff80000)
 ParOldGen       total 462336K, used 337490K [0x00000000d3600000, 0x00000000ef980000, 0x00000000f1200000)
  object space 462336K, 72% used [0x00000000d3600000,0x00000000e7f94b70,0x00000000ef980000)
 Metaspace       used 40407K, capacity 41108K, committed 41344K, reserved 1085440K
  class space    used 5028K, capacity 5221K, committed 5248K, reserved 1048576K
}
Event: 334,856 GC heap before
{Heap before GC invocations=467 (full 29):
 PSYoungGen      total 181248K, used 158551K [0x00000000f1200000, 0x00000000fff80000, 0x0000000100000000)
  eden space 118784K, 100% used [0x00000000f1200000,0x00000000f8600000,0x00000000f8600000)
  from space 62464K, 63% used [0x00000000f8600000,0x00000000facd5e60,0x00000000fc300000)
  to   space 61952K, 0% used [0x00000000fc300000,0x00000000fc300000,0x00000000fff80000)
 ParOldGen       total 462336K, used 337490K [0x00000000d3600000, 0x00000000ef980000, 0x00000000f1200000)
  object space 462336K, 72% used [0x00000000d3600000,0x00000000e7f94b70,0x00000000ef980000)
 Metaspace       used 40407K, capacity 41108K, committed 41344K, reserved 1085440K
  class space    used 5028K, capacity 5221K, committed 5248K, reserved 1048576K
Event: 334,902 GC heap after
Heap after GC invocations=467 (full 29):
 PSYoungGen      total 180224K, used 39280K [0x00000000f1200000, 0x00000000ffe80000, 0x0000000100000000)
  eden space 119296K, 0% used [0x00000000f1200000,0x00000000f1200000,0x00000000f8680000)
  from space 60928K, 64% used [0x00000000fc300000,0x00000000fe95c160,0x00000000ffe80000)
  to   space 61440K, 0% used [0x00000000f8680000,0x00000000f8680000,0x00000000fc280000)
 ParOldGen       total 462336K, used 337490K [0x00000000d3600000, 0x00000000ef980000, 0x00000000f1200000)
  object space 462336K, 72% used [0x00000000d3600000,0x00000000e7f94b70,0x00000000ef980000)
 Metaspace       used 40407K, capacity 41108K, committed 41344K, reserved 1085440K
  class space    used 5028K, capacity 5221K, committed 5248K, reserved 1048576K
}

