# JRE version: Java(TM) SE Runtime Environment (8.0_121-b13) (build 1.8.0_121-b13)
# Java VM: Java HotSpot(TM) 64-Bit Server VM (25.121-b13 mixed mode linux-amd64 compressed oops)
Heap:
 PSYoungGen      total 179200K, used 58254K [0x00000000f1200000, 0x00000000ffd80000, 0x0000000100000000)
  eden space 120320K, 15% used [0x00000000f1200000,0x00000000f240d388,0x00000000f8780000)
  from space 58880K, 67% used [0x00000000fc400000,0x00000000fead6610,0x00000000ffd80000)
  to   space 60416K, 0% used [0x00000000f8780000,0x00000000f8780000,0x00000000fc280000)
 ParOldGen       total 362496K, used 63846K [0x00000000d3600000, 0x00000000e9800000, 0x00000000f1200000)
  object space 362496K, 17% used [0x00000000d3600000,0x00000000d7459878,0x00000000e9800000)
 Metaspace       used 41299K, capacity 41906K, committed 42536K, reserved 1087488K
  class space    used 5101K, capacity 5269K, committed 5424K, reserved 1048576K
GC Heap History (10 events):
Event: 11387,703 GC heap before
{Heap before GC invocations=259 (full 20):
 PSYoungGen      total 179712K, used 170807K [0x00000000f1200000, 0x0000000100000000, 0x0000000100000000)
  eden space 117760K, 100% used [0x00000000f1200000,0x00000000f8500000,0x00000000f8500000)
  from space 61952K, 85% used [0x00000000fc380000,0x00000000ff74de60,0x0000000100000000)
  to   space 62976K, 0% used [0x00000000f8500000,0x00000000f8500000,0x00000000fc280000)
 ParOldGen       total 387072K, used 317037K [0x00000000d3600000, 0x00000000eb000000, 0x00000000f1200000)
  object space 387072K, 81% used [0x00000000d3600000,0x00000000e6b9b670,0x00000000eb000000)
 Metaspace       used 41296K, capacity 41906K, committed 42536K, reserved 1087488K
  class space    used 5101K, capacity 5269K, committed 5424K, reserved 1048576K
Event: 11387,770 GC heap after
Heap after GC invocations=259 (full 20):
 PSYoungGen      total 180736K, used 39831K [0x00000000f1200000, 0x0000000100000000, 0x0000000100000000)
  eden space 117760K, 0% used [0x00000000f1200000,0x00000000f1200000,0x00000000f8500000)
  from space 62976K, 63% used [0x00000000f8500000,0x00000000fabe5e60,0x00000000fc280000)
  to   space 62464K, 0% used [0x00000000fc300000,0x00000000fc300000,0x0000000100000000)
 ParOldGen       total 387072K, used 334941K [0x00000000d3600000, 0x00000000eb000000, 0x00000000f1200000)
  object space 387072K, 86% used [0x00000000d3600000,0x00000000e7d17670,0x00000000eb000000)
 Metaspace       used 41296K, capacity 41906K, committed 42536K, reserved 1087488K
  class space    used 5101K, capacity 5269K, committed 5424K, reserved 1048576K
}
Event: 11387,770 GC heap before
{Heap before GC invocations=260 (full 21):
 PSYoungGen      total 180736K, used 39831K [0x00000000f1200000, 0x0000000100000000, 0x0000000100000000)
  eden space 117760K, 0% used [0x00000000f1200000,0x00000000f1200000,0x00000000f8500000)
  from space 62976K, 63% used [0x00000000f8500000,0x00000000fabe5e60,0x00000000fc280000)
  to   space 62464K, 0% used [0x00000000fc300000,0x00000000fc300000,0x0000000100000000)
 ParOldGen       total 387072K, used 334941K [0x00000000d3600000, 0x00000000eb000000, 0x00000000f1200000)
  object space 387072K, 86% used [0x00000000d3600000,0x00000000e7d17670,0x00000000eb000000)
 Metaspace       used 41296K, capacity 41906K, committed 42536K, reserved 1087488K
  class space    used 5101K, capacity 5269K, committed 5424K, reserved 1048576K
Event: 11388,023 GC heap after
Heap after GC invocations=260 (full 21):
 PSYoungGen      total 180736K, used 0K [0x00000000f1200000, 0x0000000100000000, 0x0000000100000000)
  eden space 117760K, 0% used [0x00000000f1200000,0x00000000f1200000,0x00000000f8500000)
  from space 62976K, 0% used [0x00000000f8500000,0x00000000f8500000,0x00000000fc280000)
  to   space 62464K, 0% used [0x00000000fc300000,0x00000000fc300000,0x0000000100000000)
 ParOldGen       total 362496K, used 63830K [0x00000000d3600000, 0x00000000e9800000, 0x00000000f1200000)
  object space 362496K, 17% used [0x00000000d3600000,0x00000000d7455878,0x00000000e9800000)
 Metaspace       used 41296K, capacity 41906K, committed 42536K, reserved 1087488K
  class space    used 5101K, capacity 5269K, committed 5424K, reserved 1048576K
}
Event: 11389,124 GC heap before
{Heap before GC invocations=261 (full 21):
 PSYoungGen      total 180736K, used 117760K [0x00000000f1200000, 0x0000000100000000, 0x0000000100000000)
  eden space 117760K, 100% used [0x00000000f1200000,0x00000000f8500000,0x00000000f8500000)
  from space 62976K, 0% used [0x00000000f8500000,0x00000000f8500000,0x00000000fc280000)
  to   space 62464K, 0% used [0x00000000fc300000,0x00000000fc300000,0x0000000100000000)
 ParOldGen       total 362496K, used 63830K [0x00000000d3600000, 0x00000000e9800000, 0x00000000f1200000)
  object space 362496K, 17% used [0x00000000d3600000,0x00000000d7455878,0x00000000e9800000)
 Metaspace       used 41296K, capacity 41906K, committed 42536K, reserved 1087488K
  class space    used 5101K, capacity 5269K, committed 5424K, reserved 1048576K
Event: 11389,740 GC heap after
Heap after GC invocations=261 (full 21):
 PSYoungGen      total 179200K, used 39767K [0x00000000f1200000, 0x00000000ffe80000, 0x0000000100000000)
  eden space 118272K, 0% used [0x00000000f1200000,0x00000000f1200000,0x00000000f8580000)
  from space 60928K, 65% used [0x00000000fc300000,0x00000000fe9d5e60,0x00000000ffe80000)
  to   space 61952K, 0% used [0x00000000f8580000,0x00000000f8580000,0x00000000fc200000)
 ParOldGen       total 362496K, used 63830K [0x00000000d3600000, 0x00000000e9800000, 0x00000000f1200000)
  object space 362496K, 17% used [0x00000000d3600000,0x00000000d7455878,0x00000000e9800000)
 Metaspace       used 41296K, capacity 41906K, committed 42536K, reserved 1087488K
  class space    used 5101K, capacity 5269K, committed 5424K, reserved 1048576K
}
Event: 11444,370 GC heap before
{Heap before GC invocations=262 (full 21):
 PSYoungGen      total 179200K, used 158039K [0x00000000f1200000, 0x00000000ffe80000, 0x0000000100000000)
  eden space 118272K, 100% used [0x00000000f1200000,0x00000000f8580000,0x00000000f8580000)
  from space 60928K, 65% used [0x00000000fc300000,0x00000000fe9d5e60,0x00000000ffe80000)
  to   space 61952K, 0% used [0x00000000f8580000,0x00000000f8580000,0x00000000fc200000)
 ParOldGen       total 362496K, used 63830K [0x00000000d3600000, 0x00000000e9800000, 0x00000000f1200000)
  object space 362496K, 17% used [0x00000000d3600000,0x00000000d7455878,0x00000000e9800000)
 Metaspace       used 41296K, capacity 41906K, committed 42536K, reserved 1087488K
  class space    used 5101K, capacity 5269K, committed 5424K, reserved 1048576K
Event: 11444,574 GC heap after
Heap after GC invocations=262 (full 21):
 PSYoungGen      total 180224K, used 39863K [0x00000000f1200000, 0x0000000100000000, 0x0000000100000000)
  eden space 118272K, 0% used [0x00000000f1200000,0x00000000f1200000,0x00000000f8580000)
  from space 61952K, 64% used [0x00000000f8580000,0x00000000fac6de60,0x00000000fc200000)
  to   space 61440K, 0% used [0x00000000fc400000,0x00000000fc400000,0x0000000100000000)
 ParOldGen       total 362496K, used 63830K [0x00000000d3600000, 0x00000000e9800000, 0x00000000f1200000)
  object space 362496K, 17% used [0x00000000d3600000,0x00000000d7455878,0x00000000e9800000)
 Metaspace       used 41296K, capacity 41906K, committed 42536K, reserved 1087488K
  class space    used 5101K, capacity 5269K, committed 5424K, reserved 1048576K
}
Event: 11503,385 GC heap before
{Heap before GC invocations=263 (full 21):
 PSYoungGen      total 180224K, used 158135K [0x00000000f1200000, 0x0000000100000000, 0x0000000100000000)
  eden space 118272K, 100% used [0x00000000f1200000,0x00000000f8580000,0x00000000f8580000)
  from space 61952K, 64% used [0x00000000f8580000,0x00000000fac6de60,0x00000000fc200000)
  to   space 61440K, 0% used [0x00000000fc400000,0x00000000fc400000,0x0000000100000000)
 ParOldGen       total 362496K, used 63830K [0x00000000d3600000, 0x00000000e9800000, 0x00000000f1200000)
  object space 362496K, 17% used [0x00000000d3600000,0x00000000d7455878,0x00000000e9800000)
 Metaspace       used 41297K, capacity 41906K, committed 42536K, reserved 1087488K
  class space    used 5101K, capacity 5269K, committed 5424K, reserved 1048576K
Event: 11503,516 GC heap after
Heap after GC invocations=263 (full 21):
 PSYoungGen      total 179200K, used 39769K [0x00000000f1200000, 0x00000000ffd80000, 0x0000000100000000)
  eden space 120320K, 0% used [0x00000000f1200000,0x00000000f1200000,0x00000000f8780000)
  from space 58880K, 67% used [0x00000000fc400000,0x00000000fead6610,0x00000000ffd80000)
  to   space 60416K, 0% used [0x00000000f8780000,0x00000000f8780000,0x00000000fc280000)
 ParOldGen       total 362496K, used 63846K [0x00000000d3600000, 0x00000000e9800000, 0x00000000f1200000)
  object space 362496K, 17% used [0x00000000d3600000,0x00000000d7459878,0x00000000e9800000)
 Metaspace       used 41297K, capacity 41906K, committed 42536K, reserved 1087488K
  class space    used 5101K, capacity 5269K, committed 5424K, reserved 1048576K
}

