# JRE version: Java(TM) SE Runtime Environment (8.0_121-b13) (build 1.8.0_121-b13)
# Java VM: Java HotSpot(TM) 64-Bit Server VM (25.121-b13 mixed mode linux-amd64 compressed oops)
Heap:
 PSYoungGen      total 159232K, used 136707K [0x00000000f1200000, 0x0000000100000000, 0x0000000100000000)
  eden space 84992K, 80% used [0x00000000f1200000,0x00000000f55391f8,0x00000000f6500000)
  from space 74240K, 91% used [0x00000000fb300000,0x00000000ff547ab0,0x00000000ffb80000)
  to   space 79360K, 0% used [0x00000000f6500000,0x00000000f6500000,0x00000000fb280000)
 ParOldGen       total 268288K, used 108037K [0x00000000d3600000, 0x00000000e3c00000, 0x00000000f1200000)
  object space 268288K, 40% used [0x00000000d3600000,0x00000000d9f81648,0x00000000e3c00000)
 Metaspace       used 40547K, capacity 41092K, committed 41640K, reserved 1085440K
  class space    used 5020K, capacity 5170K, committed 5296K, reserved 1048576K
GC Heap History (10 events):
Event: 1082,726 GC heap before
{Heap before GC invocations=54 (full 10):
 PSYoungGen      total 147968K, used 147742K [0x00000000f1200000, 0x0000000100000000, 0x0000000100000000)
  eden space 84992K, 100% used [0x00000000f1200000,0x00000000f6500000,0x00000000f6500000)
  from space 62976K, 99% used [0x00000000f6500000,0x00000000fa247ab0,0x00000000fa280000)
  to   space 80896K, 0% used [0x00000000fb100000,0x00000000fb100000,0x0000000100000000)
 ParOldGen       total 268288K, used 103661K [0x00000000d3600000, 0x00000000e3c00000, 0x00000000f1200000)
  object space 268288K, 38% used [0x00000000d3600000,0x00000000d9b3b648,0x00000000e3c00000)
 Metaspace       used 40523K, capacity 41092K, committed 41640K, reserved 1085440K
  class space    used 5017K, capacity 5170K, committed 5296K, reserved 1048576K
Event: 1082,808 GC heap after
Heap after GC invocations=54 (full 10):
 PSYoungGen      total 164352K, used 46110K [0x00000000f1200000, 0x0000000100000000, 0x0000000100000000)
  eden space 83456K, 0% used [0x00000000f1200000,0x00000000f1200000,0x00000000f6380000)
  from space 80896K, 56% used [0x00000000fb100000,0x00000000fde07ab0,0x0000000100000000)
  to   space 79360K, 0% used [0x00000000f6380000,0x00000000f6380000,0x00000000fb100000)
 ParOldGen       total 268288K, used 108021K [0x00000000d3600000, 0x00000000e3c00000, 0x00000000f1200000)
  object space 268288K, 40% used [0x00000000d3600000,0x00000000d9f7d648,0x00000000e3c00000)
 Metaspace       used 40523K, capacity 41092K, committed 41640K, reserved 1085440K
  class space    used 5017K, capacity 5170K, committed 5296K, reserved 1048576K
}
Event: 1083,771 GC heap before
{Heap before GC invocations=55 (full 10):
 PSYoungGen      total 164352K, used 129566K [0x00000000f1200000, 0x0000000100000000, 0x0000000100000000)
  eden space 83456K, 100% used [0x00000000f1200000,0x00000000f6380000,0x00000000f6380000)
  from space 80896K, 56% used [0x00000000fb100000,0x00000000fde07ab0,0x0000000100000000)
  to   space 79360K, 0% used [0x00000000f6380000,0x00000000f6380000,0x00000000fb100000)
 ParOldGen       total 268288K, used 108021K [0x00000000d3600000, 0x00000000e3c00000, 0x00000000f1200000)
  object space 268288K, 40% used [0x00000000d3600000,0x00000000d9f7d648,0x00000000e3c00000)
 Metaspace       used 40524K, capacity 41092K, committed 41640K, reserved 1085440K
  class space    used 5017K, capacity 5170K, committed 5296K, reserved 1048576K
Event: 1083,825 GC heap after
Heap after GC invocations=55 (full 10):
 PSYoungGen      total 123392K, used 39895K [0x00000000f1200000, 0x00000000ffa80000, 0x0000000100000000)
  eden space 83456K, 0% used [0x00000000f1200000,0x00000000f1200000,0x00000000f6380000)
  from space 39936K, 99% used [0x00000000f6380000,0x00000000f8a75e60,0x00000000f8a80000)
  to   space 77312K, 0% used [0x00000000faf00000,0x00000000faf00000,0x00000000ffa80000)
 ParOldGen       total 268288K, used 108029K [0x00000000d3600000, 0x00000000e3c00000, 0x00000000f1200000)
  object space 268288K, 40% used [0x00000000d3600000,0x00000000d9f7f648,0x00000000e3c00000)
 Metaspace       used 40524K, capacity 41092K, committed 41640K, reserved 1085440K
  class space    used 5017K, capacity 5170K, committed 5296K, reserved 1048576K
}
Event: 1085,447 GC heap before
{Heap before GC invocations=56 (full 10):
 PSYoungGen      total 123392K, used 123351K [0x00000000f1200000, 0x00000000ffa80000, 0x0000000100000000)
  eden space 83456K, 100% used [0x00000000f1200000,0x00000000f6380000,0x00000000f6380000)
  from space 39936K, 99% used [0x00000000f6380000,0x00000000f8a75e60,0x00000000f8a80000)
  to   space 77312K, 0% used [0x00000000faf00000,0x00000000faf00000,0x00000000ffa80000)
 ParOldGen       total 268288K, used 108029K [0x00000000d3600000, 0x00000000e3c00000, 0x00000000f1200000)
  object space 268288K, 40% used [0x00000000d3600000,0x00000000d9f7f648,0x00000000e3c00000)
 Metaspace       used 40528K, capacity 41092K, committed 41640K, reserved 1085440K
  class space    used 5017K, capacity 5170K, committed 5296K, reserved 1048576K
Event: 1085,520 GC heap after
Heap after GC invocations=56 (full 10):
 PSYoungGen      total 162304K, used 39735K [0x00000000f1200000, 0x00000000ffe00000, 0x0000000100000000)
  eden space 84992K, 0% used [0x00000000f1200000,0x00000000f1200000,0x00000000f6500000)
  from space 77312K, 51% used [0x00000000faf00000,0x00000000fd5cde60,0x00000000ffa80000)
  to   space 75776K, 0% used [0x00000000f6500000,0x00000000f6500000,0x00000000faf00000)
 ParOldGen       total 268288K, used 108037K [0x00000000d3600000, 0x00000000e3c00000, 0x00000000f1200000)
  object space 268288K, 40% used [0x00000000d3600000,0x00000000d9f81648,0x00000000e3c00000)
 Metaspace       used 40528K, capacity 41092K, committed 41640K, reserved 1085440K
  class space    used 5017K, capacity 5170K, committed 5296K, reserved 1048576K
}
Event: 1086,912 GC heap before
{Heap before GC invocations=57 (full 10):
 PSYoungGen      total 162304K, used 124727K [0x00000000f1200000, 0x00000000ffe00000, 0x0000000100000000)
  eden space 84992K, 100% used [0x00000000f1200000,0x00000000f6500000,0x00000000f6500000)
  from space 77312K, 51% used [0x00000000faf00000,0x00000000fd5cde60,0x00000000ffa80000)
  to   space 75776K, 0% used [0x00000000f6500000,0x00000000f6500000,0x00000000faf00000)
 ParOldGen       total 268288K, used 108037K [0x00000000d3600000, 0x00000000e3c00000, 0x00000000f1200000)
  object space 268288K, 40% used [0x00000000d3600000,0x00000000d9f81648,0x00000000e3c00000)
 Metaspace       used 40528K, capacity 41092K, committed 41640K, reserved 1085440K
  class space    used 5017K, capacity 5170K, committed 5296K, reserved 1048576K
Event: 1086,965 GC heap after
Heap after GC invocations=57 (full 10):
 PSYoungGen      total 160768K, used 39927K [0x00000000f1200000, 0x00000000ffb80000, 0x0000000100000000)
  eden space 84992K, 0% used [0x00000000f1200000,0x00000000f1200000,0x00000000f6500000)
  from space 75776K, 52% used [0x00000000f6500000,0x00000000f8bfde60,0x00000000faf00000)
  to   space 74240K, 0% used [0x00000000fb300000,0x00000000fb300000,0x00000000ffb80000)
 ParOldGen       total 268288K, used 108037K [0x00000000d3600000, 0x00000000e3c00000, 0x00000000f1200000)
  object space 268288K, 40% used [0x00000000d3600000,0x00000000d9f81648,0x00000000e3c00000)
 Metaspace       used 40528K, capacity 41092K, committed 41640K, reserved 1085440K
  class space    used 5017K, capacity 5170K, committed 5296K, reserved 1048576K
}
Event: 1088,854 GC heap before
{Heap before GC invocations=58 (full 10):
 PSYoungGen      total 160768K, used 124152K [0x00000000f1200000, 0x00000000ffb80000, 0x0000000100000000)
  eden space 84992K, 99% used [0x00000000f1200000,0x00000000f64402a8,0x00000000f6500000)
  from space 75776K, 52% used [0x00000000f6500000,0x00000000f8bfde60,0x00000000faf00000)
  to   space 74240K, 0% used [0x00000000fb300000,0x00000000fb300000,0x00000000ffb80000)
 ParOldGen       total 268288K, used 108037K [0x00000000d3600000, 0x00000000e3c00000, 0x00000000f1200000)
  object space 268288K, 40% used [0x00000000d3600000,0x00000000d9f81648,0x00000000e3c00000)
 Metaspace       used 40528K, capacity 41092K, committed 41640K, reserved 1085440K
  class space    used 5017K, capacity 5170K, committed 5296K, reserved 1048576K
Event: 1088,961 GC heap after
Heap after GC invocations=58 (full 10):
 PSYoungGen      total 159232K, used 67870K [0x00000000f1200000, 0x0000000100000000, 0x0000000100000000)
  eden space 84992K, 0% used [0x00000000f1200000,0x00000000f1200000,0x00000000f6500000)
  from space 74240K, 91% used [0x00000000fb300000,0x00000000ff547ab0,0x00000000ffb80000)
  to   space 79360K, 0% used [0x00000000f6500000,0x00000000f6500000,0x00000000fb280000)
 ParOldGen       total 268288K, used 108037K [0x00000000d3600000, 0x00000000e3c00000, 0x00000000f1200000)
  object space 268288K, 40% used [0x00000000d3600000,0x00000000d9f81648,0x00000000e3c00000)
 Metaspace       used 40528K, capacity 41092K, committed 41640K, reserved 1085440K
  class space    used 5017K, capacity 5170K, committed 5296K, reserved 1048576K
}

